Arguments: 
  D:\node\node.exe C:\Users\baoti\AppData\Roaming\npm\node_modules\yarn\bin\yarn.js add less

PATH: 
  C:\ProgramData\Oracle\Java\javapath;C:\WINDOWS\system32;C:\WINDOWS;C:\WINDOWS\System32\Wbem;C:\WINDOWS\System32\WindowsPowerShell\v1.0\;C:\WINDOWS\System32\OpenSSH\;C:\Program Files\Git\cmd;D:\node\;D:\tools\git\bin;%Java_Home%\bin;%Java_Home%\jre\bin;D:\tools\微信web开发者工具\dll;D:\flutter\flutter\bin;C:\Users\baoti\AppData\Local\Microsoft\WindowsApps;D:\node\node_global;C:\Users\baoti\AppData\Roaming\npm;D:\tools\IntelliJ IDEA 2019.1.3\bin;;D:\tool\Microsoft VS Code\Microsoft VS Code\bin;D:\flutter\flutter\bin;%ANDROID_SDK_ROOT%\platform-tools;%ANDROID_SDK_ROOT%\emulator;%ANDROID_SDK_ROOT%\tools;%ANDROID_SDK_ROOT%\tools\bin;D:\Microsoft VS Code\bin

Yarn version: 
  1.22.11

Node version: 
  14.17.3

Platform: 
  win32 x64

Trace: 
  Error: connect ETIMEDOUT 104.16.19.35:443
      at TCPConnectWrap.afterConnect [as oncomplete] (net.js:1148:16)

npm manifest: 
  {
    "name": "vue3_vite",
    "version": "0.0.0",
    "scripts": {
      "dev": "vite --host",
      "build": "vite build",
      "preview": "vite preview"
    },
    "dependencies": {
      "ant-design-vue": "^3.2.15",
      "axios": "^1.2.2",
      "crypto-js": "^4.1.1",
      "pinia": "^2.0.28",
      "vue": "^3.2.25",
      "vue-router": "^4.1.6"
    },
    "devDependencies": {
      "@vitejs/plugin-vue": "^2.0.0",
      "vite": "^2.7.2"
    }
  }

yarn manifest: 
  No manifest

Lockfile: 
  No lockfile
